<?xml version="1.0" encoding="UTF-8"?>
<!-- Generated by org.testng.reporters.JUnitReportReporter -->
<testsuite skipped="0" hostname="DESKTOP-S7TISKJ" name="user.homePage" tests="2" failures="0" timestamp="17 Aug 2020 10:25:17 GMT" time="16.205" errors="0">
  <testcase name="openWebBrowser" time="7.167" classname="user.homePage"/>
  <testcase name="loginTest" time="9.038" classname="user.homePage"/>
</testsuite> <!-- user.homePage -->
