<?xml version="1.0" encoding="UTF-8"?>
<!-- Generated by org.testng.reporters.JUnitReportReporter -->
<testsuite skipped="0" hostname="DESKTOP-S7TISKJ" name="user.Register" tests="3" failures="0" timestamp="17 Aug 2020 08:55:16 GMT" time="12.910" errors="0">
  <testcase name="openWebBrowser" time="7.620" classname="user.Register"/>
  <testcase name="emptyUsernameTest" time="4.928" classname="user.Register"/>
  <testcase name="invalidDobTest" time="0.362" classname="user.Register"/>
</testsuite> <!-- user.Register -->
